User not found: (Kris Ebi, ClimAdapt, LLC, USA, Scientific Advisory Board , Sectoral Coordinator Health, krisebi@essllc.org, , Health, , Fast-Track Analysis 2015, ISIMIP2a 2016,)
User not found: (Erwan Monier, Massachusetts Institute of Technology, USA, , emonier@mit.edu, , Agriculture, , )
User not found: (Elodie Blanc, Massachusetts Institute of Technology, USA, , eblanc@mit.edu, , Agriculture, , )
User not found: (Johanna Ramarohetra, L'Institut de recherche pour le developpement, France, , j.ramarohetra@ecoclimasol.com, , Agriculture, , )
User not found: (Thomas Schinko, University of Graz, Austria, , thomas.schinko@uni-graz.at, , Energy supply and demand, , )
User not found: (Gabriel Bachner, University of Graz, Austria, , gabriel.bachner@uni-graz.at, , Energy supply and demand, , )
User not found: (Robin Newmark, National Renewable Energy Laboratory, USA, , robin.newmark@nrel.gov, , Energy supply and demand, , )
User not found: (Jordan Macknick, National Renewable Energy Laboratory, USA, , jordan.macknick@nrel.gov, , Energy supply and demand, , )
User not found: (Doug Arent, National Renewable Energy Laboratory, USA, , Doug.Arent@nrel.gov, , Energy supply and demand, , )
User not found: (Matthias Forkel, Max-Planck-Institut für Biogeochemie, Germany, , mforkel@bgc-jena.mpg.de, , Biomes/Forestry, , )
User not found: (Pep CanadellJosep, Commonwealth Scientific and Industrial Research Organisation (CSIRO), Australia, , Pep.Canadell@csiro.au, , Biomes/Forestry, , )
User not found: (Alex Ruane, National Aeronautics and Space Administration, USA, , aruane@giss.nasa.gov, , Agriculture, , Fast-Track Analysis 2015,)
User not found: (Eric Kemp, Stockholm Environment Institute, Sweden, , eric.kemp-benedict@sei-international.org, , All, , )
Sector not found: All
User not found: (Florian Kraxner, International Institute for Applied Systems Analysis, Austria, , kraxner@iiasa.ac.at, , All, , )
Sector not found: All
User not found: (Hans Stenlund, Umea University, Sweden, , hans.stenlund@epiph.umu.se, , Health, , )
User not found: (Hugo Valin, International Institute for Applied Systems Analysis, Austria, , valin@iiasa.ac.at, , All, , )
Sector not found: All
User not found: (James W. Jones, University of Florida, USA, , jimj@ufl.edu, , Agriculture, AgMIP, )
User not found: (Siwa Msangi, International Food Policy Research Institute, USA, , s.msangi@cgiar.org, , Agro-economic Modelling, , )
Sector not found: Agro-economic Modelling
User not found: (Christel Liersch, Potsdam Institute for Climate Impacts Research, Germany, , stefan.liersch@pik-potsdam.de, , All, , )
Sector not found: All
User not found: (Christel Prudhomme, Centre for Ecology & Hydrology, UK, , chrp@ceh.ac.uk, , Water (global), , )
User not found: (Bob Webb, Australian National University, Australia, , bob.webb@anu.edu.au, , All, , )
Sector not found: All
User not found: (Denis I. Sonwa, International Food Policy Research Institute, USA, , d.sonwa@cgiar.org, , Biomes/Forestry, , )
User not found: (Gerald Nelson, University of Illinois at Urbana-Champaign, USA, , nelson.gerald.c@gmail.com, , Agro-economic Modelling, , )
Sector not found: Agro-economic Modelling
User not found: (Tong Jiang, China Meteorological Administration, China, , jiangtong@cma.gov.cn, , Water (global), , )
User not found: (Joachim Post, German Aerospace Center, Germany, , joachim.post@dlr.de, , All, Couldn't come to Impacts World Side Event but remains interested, )
Sector not found: All
User not found: (Kirsten Zickfeld, Simon Fraser University, Canada, , kirsten_zickfeld@sfu.ca, , All, , )
Sector not found: All
User not found: (Takahashi Kiyoshi, National Institute for Environmental Studies, Japan, , ktakaha@nies.go.jp, , All, , )
Sector not found: All
User not found: (Liu Luliu, China Meteorological Administration, China, , liull@cma.gov.cn, , All, , )
Sector not found: All
User not found: (Marek Gielczewski, Warsaw University of Life Sciences, Poland, , m.gielczewski@levis.sggw.pl, , All, Attended Impacts World, )
Sector not found: All
User not found: (Mario Herrero, Commonwealth Scientific and Industrial Research Organisation (CSIRO), Australia, , mario.herrero@csiro.au, , Agriculture, Interested in incorporating livestock in ag projections, )
User not found: (Mark Johnston, Saskatchewan Research Council, Canada, , johnston@src.sk.ca, , Biomes/Forestry, Was interested to be sectoral coordinator but no email contact since several years, )
User not found: (Mark Rounsevell, University of Edinburgh, Scotland, , mark.rounsevell@ed.ac.uk, , All, , )
Sector not found: All
User not found: (Jeremy Martinich, US Environment Protection Agency, USA, , martinich.jeremy@epa.gov, , All, , )
Sector not found: All
User not found: (Matthias Hofmann, Potsdam Institute for Climate Impacts Research, Germany, , hofmann@pik-potsdam.de, , All, , )
Sector not found: All
User not found: (Daba Mekonnen, Oromia Agricultural Research Institute, Ethiopia, , dabanok@gmail.com, , All, , Fast-Track Analysis 2015,)
Sector not found: All
User not found: (Michael Bahn, University of Innsbruck, Austria, , michael.bahn@uibk.ac.at, , All, , )
Sector not found: All
User not found: (Michio Kawamiya, Japan Agency for Marine-Earth Science and Technology, Japan, , kawamiya@jamstec.go.jp, , All, , )
Sector not found: All
User not found: (Mikolay Piniewski, Warsaw University of Life Sciences, Poland, , mpiniewski@levis.sggw.pl, , All, , )
Sector not found: All
User not found: (Lee Munsu, Korea Rural Economic Institute, Korea, , munsulee@gmail.com, , All, Works at MCC with Felix Creutzig, )
Sector not found: All
User not found: (Patrick Monfray, Agence Nationale de la Recherche, France, , patrick.monfray@agencerecherche.fr, , All, , )
Sector not found: All
User not found: (Paula Harrison, University of Oxford, UK, , paharriso@aol.com, , All, , )
Sector not found: All
User not found: (Philip Thornton, International Food Policy Research Institute, USA, , p.thornton@cgiar.org, , Agriculture, AgMIP, )
User not found: (Ping Yang, City University of New York, USA, , pyang@ccny.cuny.edu, , All, , )
Sector not found: All
User not found: (Frank Raes, , , , frank.p.e.raes@gmail.com, , , , Fast-Track Analysis 2015,)
User not found: (Reimud Rotter, Georg-August-Universität Göttingen, Germany, , rroette@uni-goettingen.de, , All, , )
Sector not found: All
User not found: (Richard Rosen, Tellus Institute, USA, , rrosen@tellus.org, , All, , )
Sector not found: All
User not found: (Swart Rob, Wageningen University, Netherlands, , rob.swart@wur.nl, , All, , )
Sector not found: All
User not found: (Sabine Mathesius, Potsdam Institute for Climate Impacts Research, Germany, , sabine.mathesius@pik-potsdam.de, , All, , )
Sector not found: All
User not found: (Yoshikawa Sayajo, Tokyo Institute of Technology, Japan, , sayajo@chikyu.mei.titech.ac.jp, , All, , )
Sector not found: All
User not found: (Ma Shaoxiu, University of New South Wales, Australia, , shaoxiu.ma@unsw.edu.au, , All, , )
Sector not found: All
User not found: (Dasgupta Shouro, Fondazione eni Enrico Mattei, Italy, , shouro@gmail.com, , All, , )
Sector not found: All
User not found: (Simon Donner, University of British Columbia, Canada, , simon.donner@ubc.ca, , All, , Paper-writing Workshop 2015,)
Sector not found: All
User not found: (Steffen Richter, Max-Planck-Institut für Biogeochemie, Germany, , srichter@bgc-jena.mpg.de, , All, , )
Sector not found: All
User not found: (Stephanie Henson, National Oceanography Centre, UK, , S.Henson@noc.ac.uk, , All, , )
Sector not found: All
User not found: (Ted Schuur, University of Florida, USA, , tschuur@ufl.edu, , All, , )
Sector not found: All
User not found: (Diogo Vasco, Vrije Universiteit Amsterdam, Netherlands, , vdiogo@feweb.vu.nl, , All, , )
Sector not found: All
User not found: (Anders Ahlström, Lund University, Sweden, , anders.ahlstrom@nateko.lu.se, , Biomes/Forestry, , )
User not found: (Hyung Sik Choi, University of Hamburg, Germany, , hyung.choi@zmaw.de, , Agriculture, , )
Sector not found: All
User not found: (Angelika Scherzer, International Institute for Applied Systems Analysis, Austria, , scherzer@iiasa.ac.at, , All, , )
Sector not found: All
User not found: (Jacob Schewe, Potsdam Institute for Climate Impacts Research, Germany, Coordination Team , Special issue lead author, schewe@pik-potsdam.de, , All, , Fast-Track Analysis 2015, ISIMIP2a 2016,)
Sector not found: All
User not found: (Katja Frieler, Potsdam Institute for Climate Impacts Research, Germany, Coordination Team, frieler@pik-potsdam.de, , All, , Fast-Track Analysis 2015, Paper-writing Workshop 2015, ISIMIP2a 2016,)
Sector not found: All
User not found: (Eric Wood, Princeton, USA, Scientific Advisory Board, efwood@princeton.edu, , SAB, , Fast-Track Analysis 2015,)
Sector not found: SAB
User not found: (Joaquin Solana-Gutierrez, Universidad Politecnica de Madrid, Spain, , joaquin.solana@upm.es, , Biomes/Forestry , Water (global), , Fast-Track Analysis 2015, Paper-writing Workshop 2015,)
User not found: (Blanka Bartok, Eidgenössische Technische Hochschule, Switzerland, , blanka.bartok@geografie.ubbcluj.ro, , Energy supply and demand, , )
User not found: (Chris Rapley, University College London, UK, Scientific Advisory Board, christopher.rapley@ucl.ac.uk, , SAB, , )
Sector not found: SAB
User not found: (Nils Johnson, International Institute for Applied Systems Analysis, Austria, , johnsonn@iiasa.ac.at, , Energy supply and demand, , )
User not found: (Simon Parkinson, International Institute for Applied Systems Analysis, Austria, , parkinso@iiasa.ac.at, , Energy supply and demand, , )
User not found: (Oliver Fricko, International Institute for Applied Systems Analysis, Austria, , fricko@iiasa.ac.at, , Energy supply and demand, , )
User not found: (Joeri Rogelj, International Institute for Applied Systems Analysis, Austria, , rogelj@iiasa.ac.at, , Energy supply and demand, , )
User not found: (Deborah Huntzinger, Northern Arizona University, USA, , Deborah.Huntzinger@nau.edu, , Biomes/Forestry, PI of MsTMIP, )
User not found: (Christopher Schwalm, Northern Arizona University, USA, , christopher.schwalm@nau.edu, , Biomes/Forestry, PI of MsTMIP, )
User not found: (Wolfgang Cramer, Institut Méditerranéen de Biodiversité et d’Ecologie marine et continentale, France, Scientific Advisory Board, wolfgang.cramer@imbe.fr, , Biomes/Forestry, , ISIMIP2a 2016,)
User not found: (Anselmo Garcia Cantu Ros, Potsdam Institute for Climate Impacts Research, Germany, Special issue lead author, anselmo@pik-potsdam.de, , Biomes/Forestry, , Paper-writing Workshop 2015,)
User not found: (Paul Wagner, Freie Universität Berlin, Germany, , paul.wagner@fu-berlin.de, , Water (regional), , ISIMIP2a 2016,)
User not found: (Veronika Huber, Potsdam Institute for Climate Impacts Research, Germany, Sectoral Coordinator Health, huber@pik-potsdam.de, , Health, , Paper-writing Workshop 2015, ISIMIP2a 2016,)
User not found: (Yujie Liu, Beijing Forestry University, China, , happyliuyujie@126.com, , All, , Paper-writing Workshop 2015,)
Sector not found: All
Sector not found: All
User not found: (Enno Nilson, Bundesanstalt für Gewässerkunde, Germany, , nilson@bafg.de, , Water (global), , )
User not found: (Mark Stafford-Smith, , , Scientific Advisory Board, Mark.Staffordsmith@csiro.au, , , , )
User not found: (Filipe Duarte Santos, , , Scientific Advisory Board, fdsantos@fc.ul.pt, , , , Fast-Track Analysis 2015,)
User not found: (John Schellnhuber, , , Scientific Advisory Board, director@pik-potsdam.de, , , , )
User not found: (Fang Zhao, , , Coordination Team, fang.zhao@pik-potsdam.de, , Water (global), , ISIMIP2a 2016,)
User not found: (Richard Wartenburger, , , Special issue lead author, richard.wartenburger@env.ethz.ch, , Water (global), , Paper-writing Workshop 2015, ISIMIP2a 2016,)
User not found: (Peggy Graefe, Potsdam Institute for Climate Impacts Research, Germany, Administration, graefe@pik-potsdam.de, , , , )
User not found: (Stefan Lange, Potsdam Institute for Climate Impacts Research, Germany, Coordination Team, slange@pik-potsdam.de, , , bias correction, ISIMIP2a 2016,)
User not found: (Andrea Buchholz, Dalhousie University, Canada, , andrea.buchholz@dal.ca, , Marine ecosystems & Fisheries, , ISIMIP2a 2016,)
User not found: (Rolf von Kuhlmann, Das Forschungszentrum der Bundesrepublik Deutschland für Luft- und Raumfahrt, Germany, BMBF, Rolf.vonKuhlmann@dlr.de, , , Geldgeber, Paper-writing Workshop 2015,)
User not found: (Vogel Elisabeth, Potsdam Institute for Climate Impacts Research, Germany, , evogel@pik-potsdam.de, , , , )
User not found: (Christoph Gornott, Potsdam Institute for Climate Impacts Research, Germany, , gornott@pik-potsdam.de, , Agriculture, wants to use climate data to analyse crop yields in Burkina Faso, )
User not found: (T Wahl, University of Central Florida, USA, , t.wahl@ucf.edu, , Infrastructure, , )
User not found: (Nassos Vafeidis, University of Kiel, Germany, , vafeidis@geographie.uni-kiel.de, , Infrastructure, , )
User not found: (R.J. Nicholls, University of Southhampton, UK, , r.j.nicholls@soton.ac.uk, , Infrastructure, , )
User not found: (Imes Chiu, , , , imes.chiu@gmail.com, , , mailing list, )
User not found: (Matthias Mengel, , , , matthias.mengel@pik-potsdam.de, , , Sea-level rise, )
User not found: (Edward Byers, International Institute for Applied Systems Analysis, Austria, , byers@iiasa.ac.at, , Water (global) , Energy supply and demand, mailing list, )
User not found: (Caroline Collaro, University of Bayreuth, Germany, , Carolina.Collaro@uni-bayreuth.de, , , Newsletter, )
User not found: (C Madhusoodhanan, , , , madhucg@gmail.com, , Water (global), Newsletter, )
User not found: (Austin Haffenden, University of Grenoble, France, , austin.haffenden@irstea.fr, , Forests, Using input data, )
User not found: (Cecile Godde, Commonwealth Scientific and Industrial Research Organisation (CSIRO), Australia, , Cecile.Godde@csiro.au, , , , )
User not found: (Sanne Muis, , , , sanne.muis@vu.nl, , , "rsync password - sea level rise,  surge modelling,  coastal flood risk,  global assessments", )
User not found: (Jincx Jincx, , , , jincx@mail.iap.ac.cn, , , rsync password, )
User not found: (Tim Green, , , , liull.16b@igsnrr.ac.cn, , , natural hazards and disaster management, )
User not found: (Martin Rückamp, Alfred-Wegener-Institute, Germany, , martin.rueckamp@awi.de, , Infrastructure, DKRZ account, )
User not found: (Evangelos Voukouvalas, Joint Research Center, Italy, , Evangelos.VOUKOUVALAS@ext.ec.europa.eu, , Infrastructure, , )
User not found: (Martin Wild, Eidgenössische Technische Hochschule, Switzerland, , martin.wild@env.ethz.ch, (solar power), Energy supply and demand, , Fast-Track Analysis 2015, Paper-writing Workshop 2015,)
Model not found: (solar power)
User not found: (Yasushi Honda, University of Tsukuba, Japan, , honda.yasushi.fn@u.tsukuba.ac.jp, 0.5 x 0.5, Health, , )
Model not found: 0.5 x 0.5
User not found: (Kai Chen, , , , chenkaiwww@126.com, 12 Jiangsu cities in China, Health, , )
Model not found: 12 Jiangsu cities in China
User not found: (Francesco Minunno, Technical University of Lisboa, Portugal, , francescom@isa.utl.pt, 3-PG-out+, Biomes/Forestry, , Fast-Track Analysis 2015,)
User not found: (Felicitas Suckow, Potsdam Institute for Climate Impacts Research, Germany, , suckow@pik-potsdam.de, 4C, Biomes/Forestry, , )
User not found: (Majid Taie Semiromi, Kassel University, Germany, , majid.taie@gmail.com, 4C , Climate change impacts on groundwater resources, Water (global), , ISIMIP2a 2016,)
Model not found: Climate change impacts on groundwater resources
User not found: (Olivier Aumont, L'Institut de recherche pour le developpement, France, , olivier.aumont@ird.fr, APECOSM (coupled to PISCES), Marine ecosystems & Fisheries, , )
Model not found: APECOSM (coupled to PISCES)
User not found: (Laurent Bopp, Laboratoire des Sciences du Climat et de l'Environment, France, , laurent.bopp@lsce.ipsl.fr, APECOSM (coupled to PISCES) ,Atlantis, Marine ecosystems & Fisheries, , Fast-Track Analysis 2015, ISIMIP2a 2016,)
Model not found: APECOSM (coupled to PISCES)
Model not found: Atlantis
Model not found: APECOSM (coupled to PISCES)
User not found: (Stelly Lefort, Laboratoire des Sciences du Climat et de l'Environment, France, , stelly.lefort@legos.obs-mip.fr, APECOSM (coupled to PISCES), Marine ecosystems & Fisheries, , )
Model not found: APECOSM (coupled to PISCES)
User not found: (Senthold Asseng, University of Florida, USA, , sasseng@ufl.edu, APSIM (wheat), Agriculture, , )
Model not found: APSIM (wheat)
Model not found: Air quality -related mortality
User not found: (James Rising, International Research Institute for Climate and Society, USA, , jarising@gmail.com, AquaCrop-IRI , DSSAT-IRI, Agriculture, , )
Model not found: AquaCrop-IRI
Model not found: DSSAT-IRI
Model not found: APECOSM (coupled to PISCES)
Model not found: Atlantis
Model not found: Atlantis
Model not found: EwE (Ecopath with Ecosim)
Model not found: Atlantis
Model not found: EwE (Ecopath with Ecosim)
Model not found: Atlantis
Model not found: EwE (Ecopath with Ecosim)
User not found: (Heike Lotze, Dalhousie University, Canada, , hlotze@dal.ca, Atlantis , EwE (Ecopath with Ecosim), Marine ecosystems & Fisheries, , Fast-Track Analysis 2015, ISIMIP2a 2016,)
Model not found: Atlantis
Model not found: EwE (Ecopath with Ecosim)
Model not found: Atlantis
Model not found: EwE (Ecopath with Ecosim)
User not found: (Ruediger Grote, Institute for Advanced Sustainability Studies, Germany, , ruediger.grote@kit.edu, BALANCE, Biomes/Forestry, , )
Model not found: BALANCE
User not found: (David Cameron, Centre for Ecology & Hydrology, UK, , dcam@ceh.ac.uk, BASFOR, Biomes/Forestry, , )
Model not found: BASFOR
User not found: (Marcel van Oijen, Centre for Ecology & Hydrology, UK, , mvano@ceh.ac.uk, BASFOR, Biomes/Forestry, , )
Model not found: BASFOR
User not found: (Li Weiping, Beijing Climate Center, China, , liwp@cma.gov.cn, BCC-AVIM, Biomes/Forestry, , )
Model not found: BCC-AVIM
User not found: (Hubert Hasenauer, Universität für Bodenkultur, Austria, , hubert.hasenauer@boku.ac.at, BIOME-BGC, Biomes/Forestry, , )
Model not found: LPJ-GUESS
User not found: (Steve Running, University of Montana, USA, , swr@ntsg.umt.edu, BIOME-BGC, Biomes/Forestry, , )
User not found: (Galina Churkina, Institute for Advanced Sustainability Studies, Germany, , galina.churkina@iass-potsdam.de, BIOME-BGC, Biomes/Forestry, , )
User not found: (Hubert Jochheim, Leibniz-Zentrum für Agrarlandschaftsforschung, Germany, , hjochheim@zalf.de, BIOME-BGC (version ZALF), Biomes/Forestry, , )
Model not found: BIOME-BGC (version ZALF)
User not found: (David Carozza, McGill University, Canada, , david.carozza@mail.mcgill.ca, BOATS, Marine ecosystems & Fisheries, , )
User not found: (Daniele Bianchi, McGill University, Canada, , dbianchi@atmos.ucla.edu, BOATS, Marine ecosystems & Fisheries, , )
Model not found: BaltProWeb
Model not found: EwE (Ecopath with Ecosim)
User not found: (Joos Fortunat, University of Bern, Switzerland, , fortunat.joos@oeschger.unibe.ch, Bern Carbon Cycle Model, Agriculture, , )
Model not found: Bern Carbon Cycle Model
User not found: (David LeBauer, University of Illinois at Urbana-Champaign, USA, , dlebauer@illinois.edu, BioCro, Agriculture, , )
Model not found: BioCro
User not found: (Katrin Boehning-Gaese, Biodiversity and Climate Research Centre, Frankfurt, Germany, , katrin.boehning-gaese@senckenberg.de, Biomod & stastical models, Biodiversity, , )
Model not found: Biomod & stastical models
User not found: (Christian Hof, Biodiversity and Climate Research Centre, Frankfurt, Germany, , Christian.Hof@senckenberg.de, Biomod & stastical models, Biodiversity, , )
Model not found: Biomod & stastical models
User not found: (Luo Yiqi, University of Oklahoma, USA, , yluo@ou.edu, CABLE, Biomes/Forestry, , )
Model not found: CABLE
User not found: (Xia JianYang, University of Oklahoma, USA, , jyxia@des.ecnu.edu.cn, CABLE, Biomes/Forestry, , )
Model not found: CABLE
User not found: (Vanessa Haverd, Commonwealth Scientific and Industrial Research Organisation (CSIRO), Australia, , Vanessa.Haverd@csiro.au, CABLE-POP CSIRO, Biomes/Forestry, , )
Model not found: CABLE-POP CSIRO
User not found: (Lars Nieradzik, Commonwealth Scientific and Industrial Research Organisation (CSIRO), Australia, , Lars.Nieradzik@csiro.au, CABLE-POP CSIRO, Biomes/Forestry, , )
Model not found: CABLE-POP CSIRO
User not found: (Briggs Peter, Commonwealth Scientific and Industrial Research Organisation (CSIRO), Australia, , peter.briggs@csiro.au, CABLE-POP CSIRO, Biomes/Forestry, For uploading of CABLE-POP results, )
Model not found: CABLE-POP CSIRO
Model not found: CGMS
User not found: (Stig Dalsoren, CICERO, Norway, , stig.dalsoren@cicero.oslo.no, CICERO-OsloCTM2, Health, , )
Model not found: CICERO-OsloCTM2
User not found: (Andrew Jones, Lawrence Berkeley National Laboratory, USA, , adjones@lbl.gov, CLM-Crop, Agriculture, , )
User not found: (Ariel Miara, City University of New York, USA, , arimiara10@gmail.com, Case study model, Energy supply and demand, , )
Model not found: Case study model
User not found: (Hagen Koch, Potsdam Institute for Climate Impacts Research, Germany, , Hagen.Koch@pik-potsdam.de, Case study model, Energy supply and demand, , Fast-Track Analysis 2015,)
Model not found: Case study model
User not found: (Klaus Eisenack, University of Oldenburg, Germany, , klaus.eisenack@uni-oldenburg.de, Chameleon project, Energy supply and demand, , )
Model not found: Chameleon project
Sector not found: Damage functions
User not found: (Paul Watkiss, Environmental Change Institute, UK, , paul_watkiss@btinternet.com, Climate Cost Project , IMPACT 2C project, Energy supply and demand, , )
Model not found: Climate Cost Project
Model not found: IMPACT 2C project
User not found: (Thomas Downing, Global Climate Adaptation Partnership, UK, , TDowning@climateadaptation.cc, Climate Cost Project, Energy supply and demand, , )
Model not found: Climate Cost Project
Model not found: Climate change impacts on groundwater resources
User not found: (Bertrand Sudre, European Centre for Disease Prevention and Control, Sweden, , Bertrand.Sudre@ecdc.europa.eu, Communicable diseases, Health, , )
User not found: (Shilu Tong, Queensland University of Technology, Australia, , s.tong@qut.edu.au, Communicable diseases, Health, , )
User not found: (Claudio Stockle, Washington State University, USA, , stockle@wsu.edu, CropSyst, Agriculture, , )
Model not found: CropSyst
User not found: (Roger Nelson, Washington State University, USA, , rnelson@wsu.edu, CropSyst, Agriculture, , )
Model not found: CropSyst
User not found: (Tom Hilinski, Colorado State University, USA, , tom.hilinski@colostate.edu, CropSyst , DAYCENT, Agriculture, , )
Model not found: CropSyst
User not found: (Stephen DelGrosso, Colorado State University, USA, , delgro@nrel.colostate.edu, DAYCENT, Agriculture, , )
User not found: (William Parton, Colorado State University, USA, , William.Parton@colostate.edu, DAYCENT, Agriculture, , )
Model not found: CropSyst
User not found: (Xingcai Liu, Chinese Academy of Sciences, China, Special issue lead author, xingcailiu@igsnrr.ac.cn, DBH, Water (global), , Paper-writing Workshop 2015,)
User not found: (Zhongwei Huang, Chinese Academy of Sciences, China, , huangzw.14b@igsnrr.ac.cn, DBH, Water (regional), , ISIMIP2a 2016,)
Model not found: Size spectrum
User not found: (Abigail Marshall, University of Sheffield, UK, , bop12amm@sheffield.ac.uk, DBPM, Marine ecosystems & Fisheries, , Fast-Track Analysis 2015,)
User not found: (Daniel Lincke, Global Climate Forum, Germany, , daniel.lincke@globalclimateforum.org, DIVA, Infrastructure, , )
Model not found: DLEM
User not found: (Wei Ren, University of Kentucky, USA, , wei.ren@uky.edu, DLEM, Biomes/Forestry, , )
Model not found: DLEM
User not found: (Jia Yang, Auburn University, USA, , jzy0010@tigermail.auburn.edu, DLEM, Agriculture , Biomes/Forestry, , )
Model not found: DLEM
User not found: (Gerrit Hoogenboom, Washington State University, USA, , gerrit.hoogenboom@wsu.edu, DSSAT, Agriculture, , )
Model not found: DSSAT
Model not found: AquaCrop-IRI
Model not found: DSSAT-IRI
User not found: (Inna Krylenko, National Risk Assessment Lab, Russia, , krylenko_i@mail.ru, ECOMAG, Water (regional), , ISIMIP2a 2016,)
User not found: (Christine Rollinson, Boston University, USA, , crolli@bu.edu, ED, Biomes/Forestry, , )
Model not found: ED
User not found: (Hermine Mitter, Universität für Bodenkultur, Austria, , hermine.mitter@boku.ac.at, EPIC-Boku, Agriculture, , )
User not found: (Junguo Liu, International Institute for Applied Systems Analysis, Austria, , junguo.liu@gmail.com, EPIC-IIASA, Agriculture, , Fast-Track Analysis 2015, Paper-writing Workshop 2015,)
User not found: (Ashwan Reddy, George Mason University, USA, , areddy01@gmail.com, EPIC-TAMU, Agriculture, , )
User not found: (Jim Ruzicka, Oregon State University, USA, , jim.ruzicka@oregonstate.edu, End to End, Marine ecosystems & Fisheries, , )
Model not found: End to End
User not found: (Christian Breyer, Lappeenranta University of Technology, Finland, , Christian.Breyer@lut.fi, Energy System Optimization Model, Energy supply and demand, , )
Model not found: Energy System Optimization Model
Model not found: EwE (Ecopath with Ecosim)
Model not found: Atlantis
Model not found: EwE (Ecopath with Ecosim)
Model not found: Atlantis
Model not found: EwE (Ecopath with Ecosim)
Model not found: Atlantis
Model not found: EwE (Ecopath with Ecosim)
Model not found: Atlantis
Model not found: EwE (Ecopath with Ecosim)
User not found: (Chun Ma, Ministry of Transport, China, , springmster@gmail.com, EwE (Ecopath with Ecosim), Marine ecosystems & Fisheries, , )
Model not found: EwE (Ecopath with Ecosim)
User not found: (Maciej Tomczak, Stockholm University, Sweden, , maciej.tomczak@stockholmresilience.su.se, EwE (Ecopath with Ecosim), Marine ecosystems & Fisheries, , )
Model not found: EwE (Ecopath with Ecosim)
Model not found: EwE (Ecopath with Ecosim)
Model not found: EwE (Ecopath with Ecosim)
Model not found: EwE (Ecopath with Ecosim)
Model not found: EwE (Ecopath with Ecosim)
Model not found: Atlantis
Model not found: EwE (Ecopath with Ecosim)
User not found: (Julio Neves de Araujo, Fisheries and Oceans Canada, Canada, , julioaneves@hotmail.com, EwE (Ecopath with Ecosim), Marine ecosystems & Fisheries, , )
Model not found: EwE (Ecopath with Ecosim)
User not found: (Kristy Lewis, St Mary's College, USA, , kalewis3@smcm.edu, EwE (Ecopath with Ecosim), Marine ecosystems & Fisheries, , Fast-Track Analysis 2015,)
Model not found: EwE (Ecopath with Ecosim)
User not found: (Peter Jacobs, George Mason University, USA, , pjacobs4@gmu.edu, EwE (Ecopath with Ecosim), Marine ecosystems & Fisheries, , Fast-Track Analysis 2015,)
Model not found: EwE (Ecopath with Ecosim)
Model not found: BaltProWeb
Model not found: EwE (Ecopath with Ecosim)
User not found: (Nicola Walker, Centre for Environment, Fisheries and Aquaculture Science, UK, , nicola.walker@cefas.co.uk, EwE (Ecopath with Ecosim), Marine ecosystems & Fisheries, , )
Model not found: EwE (Ecopath with Ecosim)
Model not found: FEEM Statistical Model
Model not found: FEEM Statistical Model
Model not found: GAP
User not found: (Che Elkin, University of Northern British Columbia, Canada, , che.elkin@unbc.ca, Forclim/ Landclim, Biomes/Forestry, , )
User not found: (Almut Arneth, Karlsruhe Institute of Technology, Germany, , almut.arneth@kit.edu, GAP , LPJ-GUESS, Agriculture , Biomes/Forestry, , ISIMIP2a 2016,)
Model not found: GAP
Model not found: LPJ-GUESS
Model not found: GAP
User not found: (Mohamad Hejazi, Pacific Northwest National Laboratory, USA, , Mohamad.Hejazi@pnnl.gov, GCAM , GCAM, Latin American Exercise, Energy supply and demand, , )
Model not found: Latin American Exercise
Model not found: Latin American Exercise
Model not found: Latin American Exercise
User not found: (Jae Edmonds, Pacific Northwest National Laboratory, USA, , jae@pnnl.gov, GCAM, Latin American Exercise, Energy supply and demand, , )
Model not found: Latin American Exercise
Model not found: GCAM-IIM
User not found: (James McFarland, US Environment Protection Agency, USA, , mcfarland.james@epa.gov, GCAM-USA , IPM , ReEDS, Energy supply and demand, , )
Model not found: GCAM-USA
Model not found: IPM
Model not found: ReEDS
User not found: (Peter Russ, Institute for Prospective Technological Studies, Joint Research Centre, Spain, , Peter.RUSS@ec.europa.eu, GEM-E3, Computable General Equilibrium, , )
User not found: (Shouchun Yi, Beijing Forestry University, China, , yisc.bjfu@gmail.com, GEPIC, Agriculture, , Fast-Track Analysis 2015,)
User not found: (Fei Lun, Beijing Forestry University, China, , rucallen_2008@hotmail.com, GEPIC, Agriculture, , Fast-Track Analysis 2015,)
User not found: (Andrew Challinor, School of Earth and Environment, UK, , a.j.challinor@leeds.ac.uk, GLAM, Agriculture, , )
Model not found: GLAM
User not found: (Ann-Kristin Koehler, School of Earth and Environment, UK, , A.K.Koehler@leeds.ac.uk, GLAM, Agriculture, , )
Model not found: GLAM
User not found: (Nicklas Forsell, International Institute for Applied Systems Analysis, Austria, , forsell@iiasa.ac.at, GLOBIOM, Agro-economic Modelling, , Fast-Track Analysis 2015,)
Sector not found: Agro-economic Modelling
Sector not found: Agro-economic Modelling
User not found: (Petr Havlik, International Institute for Applied Systems Analysis, Austria, , havlik.petr@gmail.com, GLOBIOM, Agro-economic Modelling, , Fast-Track Analysis 2015,)
Sector not found: Agro-economic Modelling
User not found: (David Leclere, International Institute for Applied Systems Analysis, Austria, , leclere@iiasa.ac.at, GLOBIOM, Agro-economic Modelling, , Fast-Track Analysis 2015,)
Sector not found: Agro-economic Modelling
User not found: (Andre Deppermann, International Institute for Applied Systems Analysis, Austria, , depperma@iiasa.ac.at, GLOBIOM, Agro-economic Modelling, , Fast-Track Analysis 2015,)
Sector not found: Agro-economic Modelling
User not found: (Delphine Picart, Institut national de la recherche agronomique, France, , delphine.picart@bordeaux.inra.fr, GO+, Biomes/Forestry, , Fast-Track Analysis 2015,)
User not found: (Simon Martel, Institut national de la recherche agronomique, France, , simon.martel@cnpf.fr, GO+, Biomes/Forestry, , Fast-Track Analysis 2015,)
User not found: (Christophe Moisy, Institut national de la recherche agronomique, France, , christophe.moisy@bordeaux.inra.fr, GO+, Biomes/Forestry, , )
User not found: (Taoyuan Wei, CICERO, Norway, , taoyuan.wei@cicero.uio.no, GRACE, Agriculture , Energy supply and demand , Forests, , )
Model not found: GRACE
User not found: (Tyler Davis, Imperial College London, UK, , Tyler.Davis@ars.usda.gov, GePiSaT, Biomes/Forestry, , Fast-Track Analysis 2015,)
Model not found: GePiSaT
User not found: (Reg Watson, University of Tasmania, Australia, , ecomarres@gmail.com, Global catch and effort database, Marine ecosystems & Fisheries, , )
Model not found: Global catch and effort database
User not found: (Yoshimitsu Masaki, Hirosaki University, Japan, , ymasaki.tskb.ibrk.305@gmail.com, H08, Water (global), , Fast-Track Analysis 2015, Paper-writing Workshop 2015, ISIMIP2a 2016,)
User not found: (Lutz Breuer, University Giessen, Germany, , lutz.breuer@umwelt.uni-giessen.de, HBV-IWW , LASCAM, Water (regional), , )
Model not found: HBV-IWW
Model not found: LASCAM
User not found: (Su Buda, China Meteorological Administration, China, , subd@cma.gov.cn, HBV-IWW , VIC, Water (regional), , ISIMIP2a 2016,)
Model not found: HBV-IWW
Model not found: VIC
User not found: (Jeff Exbrayat, University of New South Wales, Australia, , j.exbrayat@ed.ac.uk, HBV-IWW , LASCAM, Water (regional), , )
Model not found: HBV-IWW
Model not found: LASCAM
Model not found: HBV-IWW
User not found: (Uwe Haberlandt, University of Sheffield, UK, , haberlandt@iww.uni-hannover.de, HBV-IWW, Water (regional), , )
Model not found: HBV-IWW
Model not found: HBV-IWW
Model not found: HBV-IWW
User not found: (Jinlong Huang, Chinese Academy of Sciences, China, , huangjl_2012@163.com, HBV-IWW , SWAT, Water (regional), , Fast-Track Analysis 2015, ISIMIP2a 2016,)
Model not found: HBV-IWW
Model not found: HBV-IWW
User not found: (Chen Jing, Nanjing University of Information Science & Technology, China, , yinsemo@163.com, HBV-IWW, Water (regional), , ISIMIP2a 2016,)
Model not found: HBV-IWW
Model not found: HBV-IWW
Model not found: HBV-IWW
User not found: (Sanna Harkonen, University of Helsinki, Metsäntutkimuslaitos, Finland, , sanna.harkonen@helsinki.fi, HIFI-SM, Biomes/Forestry, , )
Model not found: HBV-IWW
User not found: (Berit Arheimer, Swedish Meteorological and Hydrological Institute, Sweden, , berit.arheimer@smhi.se, HYPE, Water (regional), , )
User not found: (Chantal Donnelly, Swedish Meteorological and Hydrological Institute, Sweden, , chantal.donnelly@smhi.se, HYPE, Water (regional), , )
User not found: (Peng Bi, University of Adelaide, Australia, , peng.bi@adelaide.edu.au, Heat-related mortality, Health, , )
Model not found: Air quality -related mortality
User not found: (Matei Georgescu, Arizona State University, College of Public Programs, USA, , Matei.Georgescu@asu.edu, Heat-related mortality, Health, , )
User not found: (David Hondula, Center for Policy Informatics at Arizona State University, USA, , David.Hondula@asu.edu, Heat-related mortality, Health, , )
User not found: (Pat Kinney, Columbia University, USA, , plk3@columbia.edu, Heat-related mortality , Ozone-related mortality, Health, , )
User not found: (Yun-Chul Hong, Seoul National University, South Korea, , ychong1@snu.ac.kr, Heat-related mortality, Health, , )
User not found: (Zai Zhang, University of Texas Health Sciences, USA, , kai.zhang@uth.tmc.edu, Heat-related mortality, Health, , )
User not found: (Tim Rademacher, Harvard University, USA, Special issue lead author, trademacher@fas.harvard.edu, Hybrid, Biomes/Forestry, , )
Model not found: IAP RAS
User not found: (Tom Kram, Environmental Assessment Agency, Netherlands, , Tom.Kram@pbl.nl, IMAGE, Agriculture, , )
User not found: (Detlef van Vuuren, Environmental Assessment Agency, Netherlands, Scientific Advisory Board, Detlef.vanVuuren@pbl.nl, IMAGE, Agriculture, , Fast-Track Analysis 2015,)
User not found: (Kathleen Neumann, Wageningen University, Netherlands, , kathleen.neumann@wur.nl, IMAGE, Agriculture, , )
User not found: (David Gernaat, Environmental Assessment Agency, Netherlands, , David.Gernaat@pbl.nl, IMAGE, Agriculture, , Paper-writing Workshop 2015,)
Model not found: Climate Cost Project
Model not found: IMPACT 2C project
Model not found: GCAM-USA
Model not found: IPM
Model not found: ReEDS
User not found: (Atul Jain, University of Illinois at Urbana-Champaign, USA, , Jain1@illinois.edu, ISAM, Agriculture, , )
Model not found: ISAM
User not found: (Joan Ballester, , , , joanballester.isglobal@gmail.com, ISGLOBAL, , , )
Model not found: ISGLOBAL
User not found: (Altug Ekici, Stockholm University, Sweden, , altug.ekici@uni.no, JSBACH, Biomes/Forestry, , )
Model not found: JSBACH
User not found: (Stefan Hagemann, Max-Planck-Institute for Meteorology, Germany, , stefan.hagemann@mpimet.mpg.de, JSBACH , MPI-HM, Agriculture , Biomes/Forestry , Permafrost , Water (global), , )
Model not found: JSBACH
Model not found: JSBACH
Model not found: JULES
User not found: (Douglas Clark, Centre for Ecology & Hydrology, UK, , dbcl@ceh.ac.uk, JULES, Agriculture, , )
Model not found: JULES
Model not found: JULES
Model not found: JULES
User not found: (Philippe Friedlingstein, University of Exeter, UK, , P.Friedlingstein@exeter.ac.uk, JULES, Biomes/Forestry, , )
Model not found: JULES
User not found: (Chris D. Jones, Met Office, UK, , chris.d.jones@metoffice.gov.uk, JULES, Biomes/Forestry, , )
Model not found: JULES
User not found: (Andy Wiltshire, Met Office, UK, , andy.wiltshire@metoffice.gov.uk, JULES, Biomes/Forestry, , )
Model not found: JULES
User not found: (Jemma Gornall, Met Office, UK, , jemma.gornall@metoffice.gov.uk, JULES, Agriculture, , )
Model not found: JULES
User not found: (Richard Harding, Centre for Ecology & Hydrology, UK, , rjh@ceh.ac.uk, JULES, Agriculture, , )
Model not found: JULES
User not found: (Richard Betts, Met Office, UK, , richard.betts@metoffice.gov.uk, JULES, Agriculture , Biomes/Forestry , Permafrost , Water (global), , )
Model not found: JULES
User not found: (Peter Cox, University of Exeter, UK, , P.M.Cox@exeter.ac.uk, JULES, Agriculture, , )
Model not found: JULES
User not found: (Richard Essery, University of Edinburgh, Scotland, , richard.essery@ed.ac.uk, JULES, Agriculture, , )
Model not found: JULES
User not found: (Stephen Sitch, University of Exeter, UK, , s.a.sitch@exeter.ac.uk, JULES, Biomes/Forestry, , )
Model not found: JULES
User not found: (Ioannis Tsanis, Technical University of Crete, Greece, , tsanis@hydromech.gr, JULES-TUC, Water (global), , )
User not found: (Lamprini Papadimitriou, Technical University of Crete, Greece, , lamprini@hydromech.gr, JULES-TUC, Water (global), , )
User not found: (Manolis Grillakis, Technical University of Crete, Greece, , grillakis@hydromech.gr, JULES-TUC, Water (global), , )
Model not found: JULES-UOE
User not found: (Spencer Liddicoat, Met Office, UK, , spencer.liddicoat@metoffice.gov.uk, JULES/JULES CN, Biomes/Forestry, , )
Model not found: JULES/JULES CN
User not found: (Jemma Davie, Centre for Ecology & Hydrology, UK, , jemma.davie@metoffice.gov.uk, JULES/TRIFFID, Biomes/Forestry, , )
Model not found: JULES/TRIFFID
User not found: (Ron Kahana, Centre for Ecology & Hydrology, UK, , ron.kahana@metoffice.gov.uk, JULES/TRIFFID, Biomes/Forestry, , )
Model not found: JULES/TRIFFID
User not found: (Darren Drewry, Jet Propulsion Laboratory, USA, , ddrewry@jpl.nasa.gov, JeDi, Biomes/Forestry, , )
User not found: (Axel Kleidon, Max-Planck-Institut für Biogeochemie, Germany, , akleidon@bgc-jena.mpg.de, JeDi, Biomes/Forestry, , )
User not found: (Ryan Pavlick, Jet Propulsion Laboratory, USA, , rpavlick@jpl.nasa.gov, JeDi, Biomes/Forestry, , )
User not found: (Kirsten Sickel, Max-Planck-Institut für Biogeochemie, Germany, , ksickel@bgc-jena.mpg.de, JeDi, Biomes/Forestry, , )
Model not found: HBV-IWW
Model not found: LASCAM
Model not found: HBV-IWW
Model not found: LASCAM
Model not found: LISCoAsT
User not found: (Ad de Roo, Joint Research Center, Italy, , ad.de-roo@jrc.ec.europa.eu, LISFLOOD, Water (regional), , Fast-Track Analysis 2015,)
User not found: (Luc Feyen, Joint Research Center, Italy, , luc.feyen@jrc.ec.europa.eu, LISFLOOD, Water (regional), , )
User not found: (Peter Burek, International Institute for Applied Systems Analysis, Austria, , burek@iiasa.ac.at, LISFLOOD, Water (regional), , Fast-Track Analysis 2015, ISIMIP2a 2016,)
User not found: (Volker Ermert, University of Koeln, Germany, , vermert@meteo.Uni-Koeln.DE, LMM 2010, Health, , )
Model not found: LMM 2010
Model not found: GAP
Model not found: LPJ-GUESS
Model not found: LPJ-GUESS
Model not found: LPJ-GUESS
Model not found: LPJ-GUESS
Model not found: LPJ-GUESS
User not found: (Ben Smith, Lund University, Sweden, , ben.smith.lu@gmail.com, LPJ-GUESS, Biomes/Forestry, , )
Model not found: LPJ-GUESS
User not found: (Mikhail Mishurov, Institutionen für naturgeografi och ekosystemvetenskap, Sweden, , mikhail.mishurov@nateko.lu.se, LPJ-GUESS, Biomes/Forestry, , )
Model not found: LPJ-GUESS
Model not found: LPJ-GUESS
Model not found: LPJmL
Model not found: LPJmL
Model not found: LPJmL
User not found: (Kirsten Thonicke, Potsdam Institute for Climate Impacts Research, Germany, , Kirsten.Thonicke@pik-potsdam.de, LPJmL, Permafrost, , )
Model not found: LPJmL
User not found: (Jens Heinke, International Food Policy Research Institute, USA, , heinke@pik-potsdam.de, LPJmL, Water (global), , )
Model not found: LPJmL
Model not found: LPJmL
User not found: (Wolfgang Lucht, Potsdam Institute for Climate Impacts Research, Germany, , wolfgang.lucht@pik-potsdam.de, LPJmL, Biomes/Forestry, , )
Model not found: LPJmL
User not found: (Bernhard Schauberger, Potsdam Institute for Climate Impacts Research, Germany, , schauber@pik-potsdam.de, LPJmL, Agriculture, , Fast-Track Analysis 2015, ISIMIP2a 2016,)
Model not found: LPJmL
User not found: (Colin Prentice, Macquarie University, Australia, , colin.prentice@mq.edu.au, LPX, Biomes/Forestry, , )
Model not found: LPX
User not found: (Simon Lloyd, London School of Hygiene & Tropical Medicine, UK, , simon.lloyd@lshtm.ac.uk, LSHTM model, Health, , )
Model not found: Labor Prodcutivity
User not found: (Suzanne Brais, University of Quebec at Rimouski/Centre for Forest Research, Montreal, Canada, , suzanne.brais@uqat.ca, Leaf-level (photosynthesis) model, Biomes/Forestry, , )
User not found: (Frederic Raulier, University of Quebec at Rimouski/Centre for Forest Research, Montreal, Canada, , Frederic.Raulier@sbf.ulaval.ca, Leaf-level (photosynthesis) model, Biomes/Forestry, , )
User not found: (Robert Schneider, University of Quebec at Rimouski/Centre for Forest Research, Montreal, Canada, , robert_schneider@uqar.ca, Leaf-level (photosynthesis) model, Biomes/Forestry, , )
Sector not found: Agro-economic Modelling
User not found: (Scott Doney, University of Hawaii, USA, , sdoney@whoi.edu, MAREMIP, Marine ecosystems & Fisheries, , )
Model not found: MAREMIP
User not found: (Taka Hirata, Hokkaido University, Japan, , tahi@ees.hokudai.ac.jp, MAREMIP, Marine ecosystems & Fisheries, , )
Model not found: MAREMIP
User not found: (Yasuhiro Yamanaka, Hokkaido University, Japan, , galapen@ees.hokudai.ac.jp, MAREMIP, Marine ecosystems & Fisheries, , )
Model not found: MAREMIP
User not found: (Jennifer Houle, Queen's University, Northern Ireland, , jennifer.houle@gmail.com, MAREMIP, Marine ecosystems & Fisheries, , )
Model not found: MAREMIP
Model not found: MAREMIP
Model not found: Size spectrum
User not found: (Taikan Oki, Institute of Industrial Science, University of Tokyo, Japan, , taikan@iis.u-tokyo.ac.jp, MATSIRO, Water (global), , Paper-writing Workshop 2015,)
User not found: (Hyungjun Kim, Institute of Industrial Science, University of Tokyo, Japan, Special issue lead author, hjkim@rainbow.iis.u-tokyo.ac.jp, MATSIRO, Water (global), , Fast-Track Analysis 2015, Paper-writing Workshop 2015,)
User not found: (Shinta Seto, Institute of Industrial Science, University of Tokyo, Japan, , seto@rainbow.iis.u-tokyo.ac.jp, MATSIRO, Water (global), , )
User not found: (Kei Yoshimura, Institute of Industrial Science, University of Tokyo, Japan, , kei@aori.u-tokyo.ac.jp, MATSIRO, Water (global), , )
User not found: (Natushi Yoshida, Institute of Industrial Science, University of Tokyo, Japan, , yoshida@rainbow.iis.u-tokyo.ac.jp, MATSIRO, Water (global), , )
User not found: (Yadu Pokhrel, Michigan State University, USA, , ypokhrel@egr.msu.edu, MATSIRO, Water (global), , Paper-writing Workshop 2015, ISIMIP2a 2016,)
Sector not found: Agro-economic Modelling
User not found: (Antonio Gasparrini, London School of Hygiene & Tropical Medicine, UK, , Antonio.Gasparrini@lshtm.ac.uk, MCC_411_Locations_19_Countries, Health, , )
Model not found: MCC_411_Locations_19_Countries
User not found: (Fulu Tao, Institute of Geographic Sciences and Natural Resources Research, China, , taofl@igsnrr.ac.cn, MCWLA, Agriculture, , )
Model not found: MCWLA
User not found: (Beatrice Josse, Meteo France, France, , Beatrice.Josse@meteo.fr, MOCAGE, Health, , )
Model not found: MOCAGE
Model not found: JSBACH
Model not found: JSBACH
User not found: (Sonia Jerez, University of Murcia, Spain, , sonia.jerez@gmail.com, MPI-HM, Water (global), , )
User not found: (Pedro Montavez, University of Murcia, Spain, , montavez@um.es, MPI-HM, Water (global), , )
User not found: (Philipp Sommer, University of Lausanne, Switzerland, , Philipp.Sommer@unil.ch, MPI-HM, Water (global), , Fast-Track Analysis 2015,)
User not found: (Nigel Arnell, University Reading, UK, Scientific Advisory Board, n.w.arnell@reading.ac.uk, Mac-PDM.09, Water (global), , Fast-Track Analysis 2015,)
User not found: (Rachel Warren, University of East Anglia, UK, , r.warren@uea.ac.uk, Mac-PDM.09 , PEGASUS, Agriculture , Water (global), , Fast-Track Analysis 2015,)
User not found: (Nick Mount, University of Nottingham, UK, , nick.mount@nottingham.ac.uk, Mac-PDM.09, Water (global), , Fast-Track Analysis 2015,)
User not found: (Jamal Zaherpour, University of Nottingham, UK, Special issue lead author, lgxjz1@nottingham.ac.uk, Mac-PDM.09, Water (global), , Fast-Track Analysis 2015, ISIMIP2a 2016,)
User not found: (Ben Lloyd-Hughes, University Reading, UK, , b.lloydhughes@reading.ac.uk, Mac-PDM.09, Water (global), , )
User not found: (Simon Jennings, Centre for Environment, Fisheries and Aquaculture Science, UK, , simon.jennings@uea.ac.uk, Macroecological model, Marine ecosystems & Fisheries, , )
User not found: (Tiago Silva, Centre for Environment, Fisheries and Aquaculture Science, UK, , tiago.silva@cefas.co.uk, Macroecological model, Marine ecosystems & Fisheries, , )
User not found: (Philip Underwood, UNEP-WCMC, UK, , philip.underwood@unep-wcmc.org, Madingley, Marine ecosystems & Fisheries, , )
Model not found: Madingley model
User not found: (Miranda Jones, University of British Columbia, Canada, , miranda.c.jones@gmail.com, Maxent & Aquamap (Dynamic Bioclimate Envelope models), Marine ecosystems & Fisheries, , Fast-Track Analysis 2015,)
Model not found: Maxent & Aquamap (Dynamic Bioclimate Envelope models)
User not found: (John Conti, U.S. Energy Information Administration, USA, , john.conti@eia.gov, NEMS, Energy supply and demand, , )
Model not found: NEMS
User not found: (Kyle Mandli, Columbia University, USA, , kyle.mandli@columbia.edu, Numerical models of storm surge, Infrastructure, , )
Model not found: Numerical models of storm surge
User not found: (Patricia Cadule, Laboratoire des Sciences du Climat et de l'Environment, France, , patricia.cadule@lsce.ipsl.fr, ORCHIDEE, Permafrost, , )
Model not found: ORCHIDEE
Model not found: ORCHIDEE
User not found: (Nathalie de Noblet-Ducoudre, Laboratoire des Sciences du Climat et de l'Environment, France, , nathalie.de-noblet@lsce.ipsl.fr, ORCHIDEE, Agriculture , Permafrost, , )
Model not found: ORCHIDEE
User not found: (Philippe Peylin, Laboratoire des Sciences du Climat et de l'Environment, France, , peylin@cea.fr, ORCHIDEE, Biomes/Forestry , Permafrost, , )
Model not found: ORCHIDEE
User not found: (Jan Polcher, Institut Pierre Simon Laplace, France, , Jan.Polcher@lmd.jussieu.fr, ORCHIDEE, Permafrost, , )
Model not found: ORCHIDEE
User not found: (Nicolas Vuichard, Laboratoire des Sciences du Climat et de l'Environment, France, , vuichard@lsce.ipsl.fr, ORCHIDEE, Permafrost, , )
Model not found: ORCHIDEE
User not found: (Bejamin Sultan, Institut Pierre Simon Laplace, France, , benjamin.sultan@locean-ipsl.upmc.fr, ORCHIDEE, Agriculture, , )
Model not found: ORCHIDEE
User not found: (Fabienne Maignan, Laboratoire des Sciences du Climat et de l'Environment, France, , fabienne.maignan@cea.fr, ORCHIDEE, Biomes/Forestry, , )
Model not found: ORCHIDEE
Model not found: ORCHIDEE
User not found: (Xuhui Wang, Peking University, China, , wxh.pku@gmail.com, ORCHIDEE, Agriculture, , Fast-Track Analysis 2015,)
Model not found: ORCHIDEE
User not found: (Xiuchen Wu, Beijing Normal University, China, , xiuchen.wu@bnu.edu.cn, ORCHIDEE, Agriculture, , Fast-Track Analysis 2015, Paper-writing Workshop 2015,)
Model not found: ORCHIDEE
User not found: (Victoria Naipal, Max-Planck-Institute for Meteorology, Germany, , victoria.naipal@mpimet.mpg.de, ORCHIDEE, Biomes/Forestry, DKRZ, )
Model not found: ORCHIDEE
User not found: (Sönke Zaehle, Max-Planck-Institut für Biogeochemie, Germany, , szaehle@bgc-jena.mpg.de, ORCHIDEE CN, Biomes/Forestry, , )
Model not found: ORCHIDEE CN
Model not found: OSMOSE
Model not found: OSMOSE
User not found: (Caihong Fu, Fisheries and Oceans Canada, Canada, , Caihong.Fu@dfo-mpo.gc.ca, OSMOSE, Marine ecosystems & Fisheries, , )
Model not found: OSMOSE
Model not found: OSMOSE
User not found: (Marc Bierkens, University Utrecht, Netherlands, , M.F.P.Bierkens@uu.nl, PCR-GLOBWB, Water (global), , )
User not found: (Rens van Beek, University Utrecht, Netherlands, , R.vanBeek@uu.nl, PCR-GLOBWB, Water (global), , )
User not found: (Yoshihide Wada, University Utrecht, Netherlands, , Y.Wada@uu.nl, PCR-GLOBWB, Water (global), , Fast-Track Analysis 2015, Paper-writing Workshop 2015, ISIMIP2a 2016,)
User not found: (Dominik Wisser, University Utrecht, Netherlands, , dwisser@uni-bonn.de, PCR-GLOBWB, Water (global), , )
User not found: (Delphine Deryng, Columbia University, USA, , d.deryng@columbia.edu, PEGASUS, Agriculture, , ISIMIP2a 2016,)
User not found: (Bahareh Kamali, Eidgenössische Anstalt für Wasserversorgung, Abwasserreinigung und Gewässerschutz, Switzerland, , bahareh.kamali@eawag.ch, PEPIC-SUFI2, Agriculture, , Fast-Track Analysis 2015, Paper-writing Workshop 2015, ISIMIP2a 2016,)
Model not found: PEPIC-SUFI2
User not found: (Patrick Criqui, Universite Pierree-Mendes-France, France, , patrick.criqui@upmf-grenoble.fr, POLES, Energy supply and demand, , )
User not found: (Stephane Allard, University of Grenoble, France, , stephane.allard@univ-grenoble-alpes.fr, POLES, Energy supply and demand, , )
User not found: (Mikko Peltoniemi, Finnish Forest Research Institute, Finland, , mikko.peltoniemi@metla.fi, PRELES, Biomes/Forestry, , Fast-Track Analysis 2015,)
Model not found: PRELES
Model not found: PRYSBI-2
User not found: (Toshichika Iizumi, National Institute for Agro-Environmental Sciences, Japan, , iizumit@affrc.go.jp, PRYSBI-2, Agriculture, , )
Model not found: PRYSBI-2
User not found: (Stefan Kollet, University of Bonn, Germany, , s.kollet@fz-juelich.de, ParFlow , TerrSysMP, Water (global), , ISIMIP2a 2016,)
Model not found: ParFlow
Model not found: TerrSysMP
User not found: (Ioanna Mouratiadou, Potsdam Institute for Climate Impacts Research, Germany, Sectoral Coordinator Energy, mouratiadou@pik-potsdam.de, REMIND, Energy supply and demand, , Fast-Track Analysis 2015, Paper-writing Workshop 2015, ISIMIP2a 2016,)
Model not found: REMIND
User not found: (Franziska Piontek, Potsdam Institute for Climate Impacts Research, Germany, Sectoral Coordinator Energy, piontek@pik-potsdam.de, REMIND, Energy supply and demand , All, , Fast-Track Analysis 2015, Paper-writing Workshop 2015,)
Model not found: REMIND
Model not found: GCAM-USA
Model not found: IPM
Model not found: ReEDS
User not found: (Alistair Hobday, Commonwealth Scientific and Industrial Research Organisation (CSIRO), Australia, , Alistair.Hobday@csiro.au, SEAPODYM, Marine ecosystems & Fisheries, , )
User not found: (Kevin Weng, University of Hawaii, USA, , kevin.weng@hawaii.edu, SEAPODYM, Marine ecosystems & Fisheries, , )
User not found: (Simon Nicol, University of Canberra, Australia, , Simon.Nicol@canberra.edu.au, SEAPODYM, Marine ecosystems & Fisheries, , )
User not found: (Manuel Barange, , , , manuel.barange@fao.org, SS-DBEM, Marine ecosystems & Fisheries, , ISIMIP2a 2016,)
User not found: (Ted Veldkamp, VU University Amsterdam, Netherlands, Special issue lead author, ted.veldkamp@vu.nl, STREAM, Water (global), , Paper-writing Workshop 2015, ISIMIP2a 2016,)
Model not found: STREAM
User not found: (Hans de Moel, VU University Amsterdam, Netherlands, , hans.de.moel@vu.nl, STREAM, Water (global), , )
Model not found: STREAM
User not found: (Prasad Daggupati, Texas A&M University, USA, , Pdaggupati@tamu.edu, SWAT, Water (regional), , )
User not found: (Antonio Lo Porto, Water Research Institute, Italy, , antonio.loporto@ba.irsa.cnr.it, SWAT, Water (regional), , )
User not found: (Raghavan Srinivasan, Texas A&M University, USA, , r-srinivasan@tamu.edu, SWAT, Water (regional), , )
User not found: (Martin Volk, Helmholtz Centre for Environmental Research GmbH, Germany, , martin.volk@ufz.de, SWAT, Water (regional), , )
User not found: (Hongmei Xu, China Meteorological Administration, China, , xuhm@cma.gov.cn, SWAT, Water (regional), , Fast-Track Analysis 2015,)
User not found: (Michael Strauch, Helmholtz Centre for Environmental Research GmbH, Germany, , michael.strauch@ufz.de, SWAT, Water (regional), , Fast-Track Analysis 2015,)
User not found: (Ashvin Gosain, Indian Institute of Technology Delhi, India, , gosain@civil.iitd.ac.in, SWAT, Water (regional), , )
Model not found: HBV-IWW
Model not found: HBV-IWW
User not found: (Tadesse Alemayehu, Vrije Universiteit Brussel, Belgium, , tabitew@vub.ac.be, SWAT, Water (regional), , )
User not found: (Jian Dongnan, Chinese Academy of Sciences, China, , jiandnglm@163.com, SWAT, Water (regional), , ISIMIP2a 2016,)
User not found: (Wang Yanjun, Nanjing University of Information Science & Technology, China, , yjwang78@163.com, SWAT, Water (regional), , ISIMIP2a 2016,)
User not found: (Rene Orth, Eidgenössische Technische Hochschule, Switzerland, , rene.orth@env.ethz.ch, SWBM, Water (global), , ISIMIP2a 2016,)
User not found: (Fred Hattermann, Potsdam Institute for Climate Impacts Research, Germany, Special issue lead author , Sectoral Coordinator Water (regional), hattermann@pik-potsdam.de, SWIM, Water (regional), , Paper-writing Workshop 2015,)
User not found: (Chao Gao, Anhui Normal University,College of Territorial Resources and Tourism, China, , 13855334363@163.com, SWIM, Water (regional), , Fast-Track Analysis 2015, ISIMIP2a 2016,)
User not found: (David Beerling, University of Sheffield, UK, , d.j.beerling@sheffield.ac.uk, Sheffield DGVM (SHE), Biomes/Forestry, , )
Model not found: Sheffield DGVM (SHE)
Model not found: Sheffield DGVM (SHE)
User not found: (Tony Payne, University of Bristol, UK, , a.j.payne@bristol.ac.uk, Sheffield DGVM (SHE), Biomes/Forestry, , )
Model not found: Sheffield DGVM (SHE)
User not found: (Paul J. Valdes, University of Bristol, UK, , p.j.valdes@bristol.ac.uk, Sheffield DGVM (SHE), Biomes/Forestry, , )
Model not found: Sheffield DGVM (SHE)
User not found: (Taylor Lyla, University of Sheffield, UK, , L.L.Taylor@sheffield.ac.uk, Sheffield DGVM (SHE), Biomes/Forestry, , )
Model not found: Sheffield DGVM (SHE)
User not found: (Carvalhais Nuno, Max-Planck-Institut für Biogeochemie, Germany, , ncarval@bgc-jena.mpg.de, Sheffield DGVM (SHE), Biomes/Forestry, , )
Model not found: Sheffield DGVM (SHE)
User not found: (David Wilton, University of Sheffield, UK, , d.j.wilton@sheffield.ac.uk, Sheffield DGVM (SHE), Biomes/Forestry, , )
Model not found: Sheffield DGVM (SHE)
Model not found: Size spectrum
Model not found: MAREMIP
Model not found: Size spectrum
User not found: (Frank Berninger, University of Helsinki, Finland, , frank.berninger@helsinki.fi., Sterck et. Al., Biomes/Forestry, , )
Model not found: Sterck et. Al.
User not found: (Frank Sterck, Wageningen University, Netherlands, , frank.sterck@wur.nl, Sterck et. Al., Biomes/Forestry, , )
Model not found: Sterck et. Al.
User not found: (David W. Kicklighter, Marine Biological Laboratory, USA, , dkicklighter@mbl.edu, TEM, Biomes/Forestry, , )
Model not found: TEM
User not found: (Katrin Burkart, Humboldt Universitaet, Germany, , katrin.burkart@geo.hu-berlin.de, Temperature Impact Models, Health, , )
Model not found: Temperature Impact Models
Model not found: ParFlow
Model not found: TerrSysMP
User not found: (Heike Lischke, Swiss Federal Institute for Forest, Snow and Landscape Research, Switzerland, , heike.lischke@wsl.ch, TreeMig, Biomes/Forestry, , )
Model not found: TreeMig
User not found: (Helge Bormann, University Siegen, Germany, , helge.bormann@uni-siegen.de, UHP, Water (global), , )
Model not found: UHP
User not found: (Michael Eby, University of Victoria, Canada, , eby@uvic.ca, UVic ESCM, Biomes/Forestry, , )
Model not found: UVic ESCM
User not found: (Rafique Rashid, Joint Global Change Research Institute, USA, Special issue lead author, rashidbao@gmail.com, VEGAS, Biomes/Forestry, , Fast-Track Analysis 2015,)
User not found: (Ning Zeng, University of Maryland, USA, , zeng@umd.edu, VEGAS, Biomes/Forestry, , )
User not found: (Ghassem Asrar, Joint Global Change Research Institute, USA, , Ghassem.Asrar@pnnl.gov, VEGAS, Biomes/Forestry, , ISIMIP2a 2016,)
Model not found: HBV-IWW
Model not found: VIC
User not found: (Wietse Franssen, Wageningen University, Netherlands, , wietse.franssen@wur.nl, VIC, Water (regional), , )
Model not found: VIC
User not found: (Ingjerd Haddeland, Norwegian Water Resources and Energy Directorate, Norway, , iha@nve.no, VIC, Water (regional), , Fast-Track Analysis 2015,)
Model not found: VIC
User not found: (Ben Livneh, Cooperative Institute for Research in Environmental Sciences, USA, , ben.livneh@colorado.edu, VIC, Water (regional), , )
Model not found: VIC
User not found: (Fulco Ludwig, Wageningen University, Netherlands, , Fulco.Ludwig@wur.nl, VIC, Energy supply and demand , Water (regional), , )
Model not found: VIC
User not found: (Vimal Mishra, Indian Institute of Technology Gandhinagar, India, , vmishra@iitgn.ac.in, VIC, Water (regional), , )
Model not found: VIC
User not found: (Dennis Lettenmaier, Wageningen University, Netherlands, Scientific Advisory Board, dlettenm@ucla.edu, VIC, Water (regional), , Fast-Track Analysis 2015,)
Model not found: VIC
User not found: (Pavel Kabat, International Institute for Applied Systems Analysis, Austria, Scientific Advisory Board, kabat@iiasa.ac.at, VIC, Water (regional), , Fast-Track Analysis 2015,)
Model not found: VIC
User not found: (Xiaofan Zeng, Huazhong University of Science and Technology, China, , zengxiaofan@hust.edu.cn, VIC, Water (regional), , Fast-Track Analysis 2015, ISIMIP2a 2016,)
Model not found: VIC
Model not found: VIC
User not found: (Sun Hemin, Nanjing University of Information Science & Technology, China, , shm-4220052@163.com, VIC, Water (regional), , ISIMIP2a 2016,)
Model not found: VIC
User not found: (Harsh Shah, Indian Institute of Technology Gandhinagar, India, , harsh.lovekumar.shah@iitgn.ac.in, VIC, Water (regional), , )
Model not found: VIC
User not found: (Sara Pryor, Cornell University, USA, , sp2279@cornell.edu, Variable Renewables, Energy supply and demand, , )
Model not found: Variable Renewables
User not found: (Charles Vorosmarty, City University of New York, USA, , cvorosmarty@ccny.cuny.edu, WBM, Water (global), , )
User not found: (Zachary Tessler, City University of New York, USA, , ztessler@ccny.cuny.edu, WBM, Water (global), , )
User not found: (Massimo Tavoni, Fondazione eni Enrico Mattei, Italy, , massimo.tavoni@feem.it, WITCH, Energy supply and demand, , )
Model not found: WITCH
User not found: (Laurent Drouet, Fondazione eni Enrico Mattei, Italy, , laurent.drouet@feem.it, WITCH, Energy supply and demand, , )
Model not found: WITCH
User not found: (Stephanie Eisner, Kassel University, Germany, , eisner@usf.uni-kassel.de, WaterGAP2 , WaterGAP3, Water (regional), , Fast-Track Analysis 2015, ISIMIP2a 2016,)
User not found: (Felix Portmann, Universität Frankfurt, Germany, , portmann@em.uni-frankfurt.de, WaterGAP2, Water (global), , )
User not found: (Gabriel Fink, Kassel University, Germany, , gabriel.fink@usf.uni-kassel.de, WaterGAP2, Water (global), , Fast-Track Analysis 2015, ISIMIP2a 2016,)
User not found: (Petra Doell, Universität Frankfurt, Germany, , p.doell@em.uni-frankfurt.de, WaterGAP3, Water (regional), , )
User not found: (Isabelle Tobin, Institut Pierre Simon Laplace, France, , isabelle.tobin@lsce.ipsl.fr, Wind power model, Energy supply and demand, , Fast-Track Analysis 2015,)
Model not found: Wind power model
User not found: (Steve Higgins, University of Otago, New Zealand, , steven.higgins@otago.ac.nz, aDGVM / JS-BACH, Biomes/Forestry, , )
Model not found: aDGVM / JS-BACH
User not found: (Simon Scheiter, Universität Frankfurt, Germany, , Scheiter@em.uni-frankfurt.de, aDGVM / JS-BACH, Biomes/Forestry, , )
Model not found: aDGVM / JS-BACH
User not found: (Rupert Seidl, Universität für Bodenkultur, Austria, , rupert.seidl@boku.ac.at, iLand, Biomes/Forestry, , Fast-Track Analysis 2015,)
Model not found: iLand
User not found: (Stephan Thober, Helmholtz Centre for Environmental Research GmbH, Germany, , stephan.thober@ufz.de, mHM, Water (regional), , )
User not found: (Joshua Elliott, University of Chicago, USA, Sectoral Coordinator Agriculture , Special issue lead author, jelliott@ci.uchicago.edu, pAPSIM , pDSSAT, Agriculture, , Fast-Track Analysis 2015,)
User not found: (James Chryssanthacopoulos, Columbia University, USA, , jchryssanthacopoulos@gmail.com, pAPSIM, Agriculture, , )
User not found: (Michael Glotter, University of Chicago, USA, , glotter@uchicago.edu, pDSSAT, Agriculture, , )
User found: 188
User not found: 362
Sector not found: 51
Model not found: 263
User created counter: 550
